Heap:
 PSYoungGen      total 131584K, used 82608K [0x00000000f5580000, 0x0000000100000000, 0x0000000100000000)
  eden space 103936K, 52% used [0x00000000f5580000,0x00000000f8b33398,0x00000000fbb00000)
  from space 27648K, 99% used [0x00000000fe500000,0x00000000ffff8fa0,0x0000000100000000)
  to   space 35328K, 0% used [0x00000000fbb00000,0x00000000fbb00000,0x00000000fdd80000)
 ParOldGen       total 175104K, used 48174K [0x00000000e0000000, 0x00000000eab00000, 0x00000000f5580000)
  object space 175104K, 27% used [0x00000000e0000000,0x00000000e2f0bbd8,0x00000000eab00000)
 Metaspace       used 52789K, capacity 54248K, committed 54320K, reserved 1095680K
  class space    used 7078K, capacity 7412K, committed 7472K, reserved 1048576K
GC Heap History (10 events):
Event: 22.064 GC heap before
{Heap before GC invocations=12 (full 2):
 PSYoungGen      total 100352K, used 99191K [0x00000000f5580000, 0x00000000fd580000, 0x0000000100000000)
  eden space 88064K, 99% used [0x00000000f5580000,0x00000000fab7dc10,0x00000000fab80000)
  from space 12288K, 90% used [0x00000000fab80000,0x00000000fb660000,0x00000000fb780000)
  to   space 12800K, 0% used [0x00000000fc900000,0x00000000fc900000,0x00000000fd580000)
 ParOldGen       total 175104K, used 16764K [0x00000000e0000000, 0x00000000eab00000, 0x00000000f5580000)
  object space 175104K, 9% used [0x00000000e0000000,0x00000000e105f258,0x00000000eab00000)
 Metaspace       used 44064K, capacity 44996K, committed 45232K, reserved 1087488K
  class space    used 6223K, capacity 6490K, committed 6576K, reserved 1048576K
Event: 22.072 GC heap after
Heap after GC invocations=12 (full 2):
 PSYoungGen      total 116736K, used 12770K [0x00000000f5580000, 0x00000000fd700000, 0x0000000100000000)
  eden space 103936K, 0% used [0x00000000f5580000,0x00000000f5580000,0x00000000fbb00000)
  from space 12800K, 99% used [0x00000000fc900000,0x00000000fd5788f8,0x00000000fd580000)
  to   space 14336K, 0% used [0x00000000fbb00000,0x00000000fbb00000,0x00000000fc900000)
 ParOldGen       total 175104K, used 17431K [0x00000000e0000000, 0x00000000eab00000, 0x00000000f5580000)
  object space 175104K, 9% used [0x00000000e0000000,0x00000000e1105ea0,0x00000000eab00000)
 Metaspace       used 44064K, capacity 44996K, committed 45232K, reserved 1087488K
  class space    used 6223K, capacity 6490K, committed 6576K, reserved 1048576K
}
Event: 23.521 GC heap before
{Heap before GC invocations=13 (full 2):
 PSYoungGen      total 116736K, used 116706K [0x00000000f5580000, 0x00000000fd700000, 0x0000000100000000)
  eden space 103936K, 100% used [0x00000000f5580000,0x00000000fbb00000,0x00000000fbb00000)
  from space 12800K, 99% used [0x00000000fc900000,0x00000000fd5788f8,0x00000000fd580000)
  to   space 14336K, 0% used [0x00000000fbb00000,0x00000000fbb00000,0x00000000fc900000)
 ParOldGen       total 175104K, used 17431K [0x00000000e0000000, 0x00000000eab00000, 0x00000000f5580000)
  object space 175104K, 9% used [0x00000000e0000000,0x00000000e1105ea0,0x00000000eab00000)
 Metaspace       used 46666K, capacity 47616K, committed 47792K, reserved 1089536K
  class space    used 6491K, capacity 6745K, committed 6832K, reserved 1048576K
Event: 23.537 GC heap after
Heap after GC invocations=13 (full 2):
 PSYoungGen      total 118272K, used 14321K [0x00000000f5580000, 0x00000000ffa00000, 0x0000000100000000)
  eden space 103936K, 0% used [0x00000000f5580000,0x00000000f5580000,0x00000000fbb00000)
  from space 14336K, 99% used [0x00000000fbb00000,0x00000000fc8fc578,0x00000000fc900000)
  to   space 20480K, 0% used [0x00000000fe600000,0x00000000fe600000,0x00000000ffa00000)
 ParOldGen       total 175104K, used 30556K [0x00000000e0000000, 0x00000000eab00000, 0x00000000f5580000)
  object space 175104K, 17% used [0x00000000e0000000,0x00000000e1dd72f8,0x00000000eab00000)
 Metaspace       used 46666K, capacity 47616K, committed 47792K, reserved 1089536K
  class space    used 6491K, capacity 6745K, committed 6832K, reserved 1048576K
}
Event: 26.060 GC heap before
{Heap before GC invocations=14 (full 2):
 PSYoungGen      total 118272K, used 118257K [0x00000000f5580000, 0x00000000ffa00000, 0x0000000100000000)
  eden space 103936K, 100% used [0x00000000f5580000,0x00000000fbb00000,0x00000000fbb00000)
  from space 14336K, 99% used [0x00000000fbb00000,0x00000000fc8fc578,0x00000000fc900000)
  to   space 20480K, 0% used [0x00000000fe600000,0x00000000fe600000,0x00000000ffa00000)
 ParOldGen       total 175104K, used 30556K [0x00000000e0000000, 0x00000000eab00000, 0x00000000f5580000)
  object space 175104K, 17% used [0x00000000e0000000,0x00000000e1dd72f8,0x00000000eab00000)
 Metaspace       used 48808K, capacity 49828K, committed 49968K, reserved 1091584K
  class space    used 6711K, capacity 6943K, committed 6960K, reserved 1048576K
Event: 26.080 GC heap after
Heap after GC invocations=14 (full 2):
 PSYoungGen      total 139776K, used 20462K [0x00000000f5580000, 0x0000000100000000, 0x0000000100000000)
  eden space 119296K, 0% used [0x00000000f5580000,0x00000000f5580000,0x00000000fca00000)
  from space 20480K, 99% used [0x00000000fe600000,0x00000000ff9fbb68,0x00000000ffa00000)
  to   space 27648K, 0% used [0x00000000fca00000,0x00000000fca00000,0x00000000fe500000)
 ParOldGen       total 175104K, used 43908K [0x00000000e0000000, 0x00000000eab00000, 0x00000000f5580000)
  object space 175104K, 25% used [0x00000000e0000000,0x00000000e2ae1010,0x00000000eab00000)
 Metaspace       used 48808K, capacity 49828K, committed 49968K, reserved 1091584K
  class space    used 6711K, capacity 6943K, committed 6960K, reserved 1048576K
}
Event: 217.412 GC heap before
{Heap before GC invocations=15 (full 2):
 PSYoungGen      total 139776K, used 139758K [0x00000000f5580000, 0x0000000100000000, 0x0000000100000000)
  eden space 119296K, 100% used [0x00000000f5580000,0x00000000fca00000,0x00000000fca00000)
  from space 20480K, 99% used [0x00000000fe600000,0x00000000ff9fbb68,0x00000000ffa00000)
  to   space 27648K, 0% used [0x00000000fca00000,0x00000000fca00000,0x00000000fe500000)
 ParOldGen       total 175104K, used 43908K [0x00000000e0000000, 0x00000000eab00000, 0x00000000f5580000)
  object space 175104K, 25% used [0x00000000e0000000,0x00000000e2ae1010,0x00000000eab00000)
 Metaspace       used 52020K, capacity 53498K, committed 53808K, reserved 1095680K
  class space    used 7047K, capacity 7363K, committed 7472K, reserved 1048576K
Event: 217.432 GC heap after
Heap after GC invocations=15 (full 2):
 PSYoungGen      total 143872K, used 27423K [0x00000000f5580000, 0x0000000100000000, 0x0000000100000000)
  eden space 116224K, 0% used [0x00000000f5580000,0x00000000f5580000,0x00000000fc700000)
  from space 27648K, 99% used [0x00000000fca00000,0x00000000fe4c7e20,0x00000000fe500000)
  to   space 27648K, 0% used [0x00000000fe500000,0x00000000fe500000,0x0000000100000000)
 ParOldGen       total 175104K, used 46567K [0x00000000e0000000, 0x00000000eab00000, 0x00000000f5580000)
  object space 175104K, 26% used [0x00000000e0000000,0x00000000e2d79d80,0x00000000eab00000)
 Metaspace       used 52020K, capacity 53498K, committed 53808K, reserved 1095680K
  class space    used 7047K, capacity 7363K, committed 7472K, reserved 1048576K
}
Event: 219.978 GC heap before
{Heap before GC invocations=16 (full 2):
 PSYoungGen      total 143872K, used 143647K [0x00000000f5580000, 0x0000000100000000, 0x0000000100000000)
  eden space 116224K, 100% used [0x00000000f5580000,0x00000000fc700000,0x00000000fc700000)
  from space 27648K, 99% used [0x00000000fca00000,0x00000000fe4c7e20,0x00000000fe500000)
  to   space 27648K, 0% used [0x00000000fe500000,0x00000000fe500000,0x0000000100000000)
 ParOldGen       total 175104K, used 46567K [0x00000000e0000000, 0x00000000eab00000, 0x00000000f5580000)
  object space 175104K, 26% used [0x00000000e0000000,0x00000000e2d79d80,0x00000000eab00000)
 Metaspace       used 52343K, capacity 53732K, committed 54064K, reserved 1095680K
  class space    used 7052K, capacity 7370K, committed 7472K, reserved 1048576K
Event: 219.993 GC heap after
Heap after GC invocations=16 (full 2):
 PSYoungGen      total 131584K, used 27619K [0x00000000f5580000, 0x0000000100000000, 0x0000000100000000)
  eden space 103936K, 0% used [0x00000000f5580000,0x00000000f5580000,0x00000000fbb00000)
  from space 27648K, 99% used [0x00000000fe500000,0x00000000ffff8fa0,0x0000000100000000)
  to   space 35328K, 0% used [0x00000000fbb00000,0x00000000fbb00000,0x00000000fdd80000)
 ParOldGen       total 175104K, used 48174K [0x00000000e0000000, 0x00000000eab00000, 0x00000000f5580000)
  object space 175104K, 27% used [0x00000000e0000000,0x00000000e2f0bbd8,0x00000000eab00000)
 Metaspace       used 52343K, capacity 53732K, committed 54064K, reserved 1095680K
  class space    used 7052K, capacity 7370K, committed 7472K, reserved 1048576K
}

