# JRE version: Java(TM) SE Runtime Environment (8.0_171-b11) (build 1.8.0_171-b11)
# Java VM: Java HotSpot(TM) 64-Bit Server VM (25.171-b11 mixed mode windows-amd64 compressed oops)
Heap:
 garbage-first heap   total 172032K, used 129337K [0x00000000c0000000, 0x00000000c0100540, 0x0000000100000000)
  region size 1024K, 53 young (54272K), 1 survivors (1024K)
 Metaspace       used 53665K, capacity 57012K, committed 57344K, reserved 1099776K
  class space    used 5566K, capacity 6573K, committed 6680K, reserved 1048576K
GC Heap History (10 events):
Event: 125.185 GC heap before
{Heap before GC invocations=27 (full 0):
 garbage-first heap   total 172032K, used 87444K [0x00000000c0000000, 0x00000000c0100540, 0x0000000100000000)
  region size 1024K, 8 young (8192K), 1 survivors (1024K)
 Metaspace       used 52884K, capacity 56138K, committed 56192K, reserved 1099776K
  class space    used 5515K, capacity 6504K, committed 6552K, reserved 1048576K
Event: 125.193 GC heap after
Heap after GC invocations=28 (full 0):
 garbage-first heap   total 172032K, used 82535K [0x00000000c0000000, 0x00000000c0100540, 0x0000000100000000)
  region size 1024K, 1 young (1024K), 1 survivors (1024K)
 Metaspace       used 52884K, capacity 56138K, committed 56192K, reserved 1099776K
  class space    used 5515K, capacity 6504K, committed 6552K, reserved 1048576K
}
Event: 138.897 GC heap before
{Heap before GC invocations=28 (full 0):
 garbage-first heap   total 172032K, used 143975K [0x00000000c0000000, 0x00000000c0100540, 0x0000000100000000)
  region size 1024K, 61 young (62464K), 1 survivors (1024K)
 Metaspace       used 53116K, capacity 56432K, committed 56448K, reserved 1099776K
  class space    used 5523K, capacity 6537K, committed 6552K, reserved 1048576K
Event: 138.901 GC heap after
Heap after GC invocations=29 (full 0):
 garbage-first heap   total 172032K, used 82305K [0x00000000c0000000, 0x00000000c0100540, 0x0000000100000000)
  region size 1024K, 1 young (1024K), 1 survivors (1024K)
 Metaspace       used 53116K, capacity 56432K, committed 56448K, reserved 1099776K
  class space    used 5523K, capacity 6537K, committed 6552K, reserved 1048576K
}
Event: 166.750 GC heap before
{Heap before GC invocations=29 (full 0):
 garbage-first heap   total 172032K, used 145793K [0x00000000c0000000, 0x00000000c0100540, 0x0000000100000000)
  region size 1024K, 63 young (64512K), 1 survivors (1024K)
 Metaspace       used 53475K, capacity 56782K, committed 56960K, reserved 1099776K
  class space    used 5552K, capacity 6540K, committed 6552K, reserved 1048576K
Event: 166.755 GC heap after
Heap after GC invocations=30 (full 0):
 garbage-first heap   total 172032K, used 83112K [0x00000000c0000000, 0x00000000c0100540, 0x0000000100000000)
  region size 1024K, 2 young (2048K), 2 survivors (2048K)
 Metaspace       used 53475K, capacity 56782K, committed 56960K, reserved 1099776K
  class space    used 5552K, capacity 6540K, committed 6552K, reserved 1048576K
}
Event: 179.708 GC heap before
{Heap before GC invocations=31 (full 0):
 garbage-first heap   total 172032K, used 146600K [0x00000000c0000000, 0x00000000c0100540, 0x0000000100000000)
  region size 1024K, 64 young (65536K), 2 survivors (2048K)
 Metaspace       used 53606K, capacity 56916K, committed 56960K, reserved 1099776K
  class space    used 5562K, capacity 6541K, committed 6552K, reserved 1048576K
Event: 179.712 GC heap after
Heap after GC invocations=32 (full 0):
 garbage-first heap   total 172032K, used 83911K [0x00000000c0000000, 0x00000000c0100540, 0x0000000100000000)
  region size 1024K, 2 young (2048K), 2 survivors (2048K)
 Metaspace       used 53606K, capacity 56916K, committed 56960K, reserved 1099776K
  class space    used 5562K, capacity 6541K, committed 6552K, reserved 1048576K
}
Event: 180.884 GC heap before
{Heap before GC invocations=32 (full 0):
 garbage-first heap   total 172032K, used 90055K [0x00000000c0000000, 0x00000000c0100540, 0x0000000100000000)
  region size 1024K, 8 young (8192K), 2 survivors (2048K)
 Metaspace       used 53609K, capacity 56980K, committed 57216K, reserved 1099776K
  class space    used 5562K, capacity 6541K, committed 6552K, reserved 1048576K
Event: 180.897 GC heap after
Heap after GC invocations=33 (full 0):
 garbage-first heap   total 172032K, used 77113K [0x00000000c0000000, 0x00000000c0100540, 0x0000000100000000)
  region size 1024K, 1 young (1024K), 1 survivors (1024K)
 Metaspace       used 53609K, capacity 56980K, committed 57216K, reserved 1099776K
  class space    used 5562K, capacity 6541K, committed 6552K, reserved 1048576K
}

