# JRE version: Java(TM) SE Runtime Environment (8.0_171-b11) (build 1.8.0_171-b11)
# Java VM: Java HotSpot(TM) 64-Bit Server VM (25.171-b11 mixed mode windows-amd64 compressed oops)
Heap:
 garbage-first heap   total 462848K, used 74634K [0x00000000c0000000, 0x00000000c0100e20, 0x0000000100000000)
  region size 1024K, 2 young (2048K), 2 survivors (2048K)
 Metaspace       used 55788K, capacity 58938K, committed 59264K, reserved 1101824K
  class space    used 5778K, capacity 6761K, committed 6784K, reserved 1048576K
GC Heap History (10 events):
Event: 4917.909 GC heap after
Heap after GC invocations=50 (full 0):
 garbage-first heap   total 157696K, used 74987K [0x00000000c0000000, 0x00000000c01004d0, 0x0000000100000000)
  region size 1024K, 1 young (1024K), 1 survivors (1024K)
 Metaspace       used 55491K, capacity 58640K, committed 59008K, reserved 1101824K
  class space    used 5770K, capacity 6750K, committed 6784K, reserved 1048576K
}
Event: 4917.963 GC heap before
{Heap before GC invocations=50 (full 0):
 garbage-first heap   total 157696K, used 81131K [0x00000000c0000000, 0x00000000c01004d0, 0x0000000100000000)
  region size 1024K, 7 young (7168K), 1 survivors (1024K)
 Metaspace       used 55500K, capacity 58704K, committed 59008K, reserved 1101824K
  class space    used 5771K, capacity 6750K, committed 6784K, reserved 1048576K
Event: 4918.038 GC heap after
Heap after GC invocations=51 (full 0):
 garbage-first heap   total 157696K, used 76625K [0x00000000c0000000, 0x00000000c01004d0, 0x0000000100000000)
  region size 1024K, 1 young (1024K), 1 survivors (1024K)
 Metaspace       used 55500K, capacity 58704K, committed 59008K, reserved 1101824K
  class space    used 5771K, capacity 6750K, committed 6784K, reserved 1048576K
}
Event: 4918.154 GC heap before
{Heap before GC invocations=51 (full 0):
 garbage-first heap   total 157696K, used 82769K [0x00000000c0000000, 0x00000000c01004d0, 0x0000000100000000)
  region size 1024K, 7 young (7168K), 1 survivors (1024K)
 Metaspace       used 55511K, capacity 58704K, committed 59008K, reserved 1101824K
  class space    used 5771K, capacity 6750K, committed 6784K, reserved 1048576K
Event: 4918.375 GC heap after
Heap after GC invocations=52 (full 0):
 garbage-first heap   total 157696K, used 77578K [0x00000000c0000000, 0x00000000c01004d0, 0x0000000100000000)
  region size 1024K, 1 young (1024K), 1 survivors (1024K)
 Metaspace       used 55511K, capacity 58704K, committed 59008K, reserved 1101824K
  class space    used 5771K, capacity 6750K, committed 6784K, reserved 1048576K
}
Event: 4918.780 GC heap before
{Heap before GC invocations=53 (full 0):
 garbage-first heap   total 157696K, used 83722K [0x00000000c0000000, 0x00000000c01004d0, 0x0000000100000000)
  region size 1024K, 7 young (7168K), 1 survivors (1024K)
 Metaspace       used 55551K, capacity 58736K, committed 59008K, reserved 1101824K
  class space    used 5777K, capacity 6760K, committed 6784K, reserved 1048576K
Event: 4919.159 GC heap after
Heap after GC invocations=54 (full 0):
 garbage-first heap   total 157696K, used 77986K [0x00000000c0000000, 0x00000000c01004d0, 0x0000000100000000)
  region size 1024K, 1 young (1024K), 1 survivors (1024K)
 Metaspace       used 55551K, capacity 58736K, committed 59008K, reserved 1101824K
  class space    used 5777K, capacity 6760K, committed 6784K, reserved 1048576K
}
Event: 4920.312 GC heap before
{Heap before GC invocations=54 (full 0):
 garbage-first heap   total 157696K, used 84130K [0x00000000c0000000, 0x00000000c01004d0, 0x0000000100000000)
  region size 1024K, 7 young (7168K), 1 survivors (1024K)
 Metaspace       used 55621K, capacity 58806K, committed 59008K, reserved 1101824K
  class space    used 5778K, capacity 6761K, committed 6784K, reserved 1048576K
Event: 4921.476 GC heap after
Heap after GC invocations=55 (full 0):
 garbage-first heap   total 315392K, used 74451K [0x00000000c0000000, 0x00000000c01009a0, 0x0000000100000000)
  region size 1024K, 1 young (1024K), 1 survivors (1024K)
 Metaspace       used 55621K, capacity 58806K, committed 59008K, reserved 1101824K
  class space    used 5778K, capacity 6761K, committed 6784K, reserved 1048576K
}
Event: 4922.843 GC heap before
{Heap before GC invocations=55 (full 0):
 garbage-first heap   total 315392K, used 88787K [0x00000000c0000000, 0x00000000c01009a0, 0x0000000100000000)
  region size 1024K, 15 young (15360K), 1 survivors (1024K)
 Metaspace       used 55788K, capacity 58938K, committed 59264K, reserved 1101824K
  class space    used 5778K, capacity 6761K, committed 6784K, reserved 1048576K

