# JRE version: Java(TM) SE Runtime Environment (8.0_171-b11) (build 1.8.0_171-b11)
# Java VM: Java HotSpot(TM) 64-Bit Server VM (25.171-b11 mixed mode windows-amd64 compressed oops)
Heap:
 garbage-first heap   total 129024K, used 94041K [0x00000000c0000000, 0x00000000c01003f0, 0x0000000100000000)
  region size 1024K, 51 young (52224K), 1 survivors (1024K)
 Metaspace       used 52973K, capacity 56116K, committed 56400K, reserved 1099776K
  class space    used 5532K, capacity 6455K, committed 6528K, reserved 1048576K
GC Heap History (10 events):
Event: 91.180 GC heap before
{Heap before GC invocations=13 (full 0):
 garbage-first heap   total 129024K, used 108032K [0x00000000c0000000, 0x00000000c01003f0, 0x0000000100000000)
  region size 1024K, 46 young (47104K), 5 survivors (5120K)
 Metaspace       used 50696K, capacity 53598K, committed 53840K, reserved 1097728K
  class space    used 5299K, capacity 6206K, committed 6272K, reserved 1048576K
Event: 91.186 GC heap after
Heap after GC invocations=14 (full 0):
 garbage-first heap   total 129024K, used 66432K [0x00000000c0000000, 0x00000000c01003f0, 0x0000000100000000)
  region size 1024K, 6 young (6144K), 6 survivors (6144K)
 Metaspace       used 50696K, capacity 53598K, committed 53840K, reserved 1097728K
  class space    used 5299K, capacity 6206K, committed 6272K, reserved 1048576K
}
Event: 100.373 GC heap before
{Heap before GC invocations=15 (full 0):
 garbage-first heap   total 129024K, used 99200K [0x00000000c0000000, 0x00000000c01003f0, 0x0000000100000000)
  region size 1024K, 47 young (48128K), 6 survivors (6144K)
 Metaspace       used 52313K, capacity 55516K, committed 55632K, reserved 1097728K
  class space    used 5495K, capacity 6451K, committed 6528K, reserved 1048576K
Event: 100.378 GC heap after
Heap after GC invocations=16 (full 0):
 garbage-first heap   total 129024K, used 57042K [0x00000000c0000000, 0x00000000c01003f0, 0x0000000100000000)
  region size 1024K, 6 young (6144K), 6 survivors (6144K)
 Metaspace       used 52313K, capacity 55516K, committed 55632K, reserved 1097728K
  class space    used 5495K, capacity 6451K, committed 6528K, reserved 1048576K
}
Event: 100.381 GC heap before
{Heap before GC invocations=16 (full 0):
 garbage-first heap   total 129024K, used 58066K [0x00000000c0000000, 0x00000000c01003f0, 0x0000000100000000)
  region size 1024K, 7 young (7168K), 6 survivors (6144K)
 Metaspace       used 52313K, capacity 55516K, committed 55632K, reserved 1097728K
  class space    used 5495K, capacity 6451K, committed 6528K, reserved 1048576K
Event: 100.390 GC heap after
Heap after GC invocations=17 (full 0):
 garbage-first heap   total 129024K, used 45395K [0x00000000c0000000, 0x00000000c01003f0, 0x0000000100000000)
  region size 1024K, 1 young (1024K), 1 survivors (1024K)
 Metaspace       used 52313K, capacity 55516K, committed 55632K, reserved 1097728K
  class space    used 5495K, capacity 6451K, committed 6528K, reserved 1048576K
}
Event: 101.300 GC heap before
{Heap before GC invocations=17 (full 0):
 garbage-first heap   total 129024K, used 50515K [0x00000000c0000000, 0x00000000c01003f0, 0x0000000100000000)
  region size 1024K, 6 young (6144K), 1 survivors (1024K)
 Metaspace       used 52337K, capacity 55516K, committed 55632K, reserved 1097728K
  class space    used 5496K, capacity 6451K, committed 6528K, reserved 1048576K
Event: 101.307 GC heap after
Heap after GC invocations=18 (full 0):
 garbage-first heap   total 129024K, used 43895K [0x00000000c0000000, 0x00000000c01003f0, 0x0000000100000000)
  region size 1024K, 1 young (1024K), 1 survivors (1024K)
 Metaspace       used 52337K, capacity 55516K, committed 55632K, reserved 1097728K
  class space    used 5496K, capacity 6451K, committed 6528K, reserved 1048576K
}
Event: 107.230 GC heap before
{Heap before GC invocations=18 (full 0):
 garbage-first heap   total 129024K, used 108407K [0x00000000c0000000, 0x00000000c01003f0, 0x0000000100000000)
  region size 1024K, 64 young (65536K), 1 survivors (1024K)
 Metaspace       used 52891K, capacity 56052K, committed 56400K, reserved 1099776K
  class space    used 5532K, capacity 6455K, committed 6528K, reserved 1048576K
Event: 107.236 GC heap after
Heap after GC invocations=19 (full 0):
 garbage-first heap   total 129024K, used 43865K [0x00000000c0000000, 0x00000000c01003f0, 0x0000000100000000)
  region size 1024K, 1 young (1024K), 1 survivors (1024K)
 Metaspace       used 52891K, capacity 56052K, committed 56400K, reserved 1099776K
  class space    used 5532K, capacity 6455K, committed 6528K, reserved 1048576K
}

